<?xml version="1.0" encoding="utf-8"?><testsuites name="pytest tests"><testsuite name="pytest" errors="0" failures="0" skipped="0" tests="12" time="0.065" timestamp="2026-08-02T12:27:48.118975+00:00" hostname="agent-env-96a95e98-0ab0-4aee-ac12-c1ed1c30eb5d"><testcase classname="tests.test_gohub_client" name="test_md5_signature_uses_my_local_date_and_matches_manual_hash" time="0.000" /><testcase classname="tests.test_gohub_client" name="test_envelope_escapes_xml_special_chars" time="0.000" /><testcase classname="tests.test_gohub_client" name="test_envelope_skips_none_but_keeps_empty_string" time="0.000" /><testcase classname="tests.test_gohub_client" name="test_parse_response_success_returns_all_fields" time="0.000" /><testcase classname="tests.test_gohub_client" name="test_parse_response_non_ok_status_raises" time="0.000" /><testcase classname="tests.test_gohub_client" name="test_parse_response_invalid_ip_matches_live_shape" time="0.000" /><testcase classname="tests.test_gohub_client" name="test_parse_response_soap_fault_raises" time="0.000" /><testcase classname="tests.test_gohub_client" name="test_client_dry_run_when_disabled" time="0.001" /><testcase classname="tests.test_gohub_client" name="test_client_live_call_success" time="0.025" /><testcase classname="tests.test_gohub_client" name="test_client_http_error_persisted_and_raised" time="0.022" /><testcase classname="tests.test_gohub_client" name="test_audit_log_never_persists_passwords" time="0.001" /><testcase classname="tests.test_gohub_client" name="test_envelope_ticket_details_uses_attributes" time="0.001" /></testsuite></testsuites>