<?xml version="1.0" encoding="utf-8"?><testsuites name="pytest tests"><testsuite name="pytest" errors="0" failures="0" skipped="0" tests="10" time="2.701" timestamp="2026-04-20T15:36:37.060506+00:00" hostname="agent-env-670e981c-a5ee-4fd5-8d40-eaab14eea28e"><testcase classname="tests.test_popular_now_diversified.TestPopularNowDiversified" name="test_popular_now_returns_varied_times" time="0.174" /><testcase classname="tests.test_popular_now_diversified.TestPopularNowDiversified" name="test_popular_now_sorted_correctly" time="0.122" /><testcase classname="tests.test_popular_now_diversified.TestPopularNowDiversified" name="test_currency_respected_sg_origin" time="0.163" /><testcase classname="tests.test_popular_now_diversified.TestPopularNowDiversified" name="test_currency_respected_my_origin" time="0.135" /><testcase classname="tests.test_popular_now_diversified.TestPopularNowDiversified" name="test_all_items_have_required_fields" time="0.117" /><testcase classname="tests.test_popular_now_diversified.TestPopularNowDiversified" name="test_seats_available_is_valid" time="0.115" /><testcase classname="tests.test_popular_now_diversified.TestMigrationIdempotency" name="test_schedules_count_stable" time="0.512" /><testcase classname="tests.test_popular_now_diversified.TestMigrationIdempotency" name="test_no_duplicate_schedules" time="0.589" /><testcase classname="tests.test_popular_now_diversified.TestExistingDataUnaffected" name="test_original_seed_times_still_exist" time="0.459" /><testcase classname="tests.test_popular_now_diversified.TestExistingDataUnaffected" name="test_search_api_still_works" time="0.233" /></testsuite></testsuites>