<?xml version="1.0" encoding="utf-8"?><testsuites name="pytest tests"><testsuite name="pytest" errors="0" failures="1" skipped="0" tests="15" time="0.868" timestamp="2026-08-02T11:25:10.122331+00:00" hostname="agent-env-96a95e98-0ab0-4aee-ac12-c1ed1c30eb5d"><testcase classname="backend.tests.test_routes_and_bulk_delete.TestAuth" name="test_admin_login_success" time="0.232" /><testcase classname="backend.tests.test_routes_and_bulk_delete.TestAuth" name="test_google_callback_fake_code_rejected" time="0.002"><failure message="AssertionError: unexpected 404 {&quot;detail&quot;:&quot;Not Found&quot;}&#10;assert 404 in (400, 401)&#10; +  where 404 = &lt;Response [404]&gt;.status_code">backend/tests/test_routes_and_bulk_delete.py:56: in test_google_callback_fake_code_rejected
    assert r.status_code in (400, 401), f"unexpected {r.status_code} {r.text[:200]}"
E   AssertionError: unexpected 404 {"detail":"Not Found"}
E   assert 404 in (400, 401)
E    +  where 404 = &lt;Response [404]&gt;.status_code</failure></testcase><testcase classname="backend.tests.test_routes_and_bulk_delete.TestRoutesCRUD" name="test_create_route" time="0.264" /><testcase classname="backend.tests.test_routes_and_bulk_delete.TestRoutesCRUD" name="test_get_route" time="0.002" /><testcase classname="backend.tests.test_routes_and_bulk_delete.TestRoutesCRUD" name="test_duplicate_code_rejected" time="0.002" /><testcase classname="backend.tests.test_routes_and_bulk_delete.TestRoutesCRUD" name="test_route_invalid_pairing_rejected" time="0.002" /><testcase classname="backend.tests.test_routes_and_bulk_delete.TestRoutesCRUD" name="test_patch_route" time="0.003" /><testcase classname="backend.tests.test_routes_and_bulk_delete.TestRoutesCRUD" name="test_delete_route" time="0.007" /><testcase classname="backend.tests.test_routes_and_bulk_delete.TestScheduleRouteLink" name="test_create_schedule_from_terminal_not_in_route_boarding" time="0.010" /><testcase classname="backend.tests.test_routes_and_bulk_delete.TestSchedulePatch" name="test_patch_schedule_fare_and_route" time="0.037" /><testcase classname="backend.tests.test_routes_and_bulk_delete.TestBulkDelete" name="test_preview_empty_body_rejected" time="0.002" /><testcase classname="backend.tests.test_routes_and_bulk_delete.TestBulkDelete" name="test_preview_unlinked_only" time="0.029" /><testcase classname="backend.tests.test_routes_and_bulk_delete.TestBulkDelete" name="test_bulk_delete_no_match" time="0.004" /><testcase classname="backend.tests.test_routes_and_bulk_delete.TestBulkDelete" name="test_bulk_delete_skips_schedules_with_bookings" time="0.123" /><testcase classname="backend.tests.test_routes_and_bulk_delete.TestTerminalOptionalFields" name="test_create_terminal_with_new_fields" time="0.041" /></testsuite></testsuites>