<?xml version="1.0" encoding="utf-8"?><testsuites name="pytest tests"><testsuite name="pytest" errors="0" failures="0" skipped="0" tests="13" time="2.830" timestamp="2026-04-19T02:45:23.273640+00:00" hostname="agent-env-670e981c-a5ee-4fd5-8d40-eaab14eea28e"><testcase classname="backend.tests.test_google_oauth.TestGoogleOAuthEndpoint" name="test_google_session_endpoint_exists" time="0.213" /><testcase classname="backend.tests.test_google_oauth.TestGoogleOAuthEndpoint" name="test_google_session_invalid_session_returns_401" time="0.187" /><testcase classname="backend.tests.test_google_oauth.TestGoogleOAuthEndpoint" name="test_google_session_missing_session_id_returns_422" time="0.125" /><testcase classname="backend.tests.test_google_oauth.TestGoogleOAuthEndpoint" name="test_google_session_empty_session_id_returns_422" time="0.196" /><testcase classname="backend.tests.test_google_oauth.TestExistingEmailPasswordAuth" name="test_login_admin_success" time="0.329" /><testcase classname="backend.tests.test_google_oauth.TestExistingEmailPasswordAuth" name="test_login_invalid_credentials" time="0.358" /><testcase classname="backend.tests.test_google_oauth.TestExistingEmailPasswordAuth" name="test_register_new_user" time="0.331" /><testcase classname="backend.tests.test_google_oauth.TestExistingEmailPasswordAuth" name="test_auth_me_with_jwt" time="0.506" /><testcase classname="backend.tests.test_google_oauth.TestExistingEmailPasswordAuth" name="test_auth_me_without_token_returns_401" time="0.105" /><testcase classname="backend.tests.test_google_oauth.Test2FAEndpoints" name="test_2fa_verify_endpoint_exists" time="0.104" /><testcase classname="backend.tests.test_google_oauth.Test2FAEndpoints" name="test_2fa_setup_requires_auth" time="0.100" /><testcase classname="backend.tests.test_google_oauth.TestHealthAndRoot" name="test_health_endpoint" time="0.103" /><testcase classname="backend.tests.test_google_oauth.TestHealthAndRoot" name="test_root_endpoint" time="0.104" /></testsuite></testsuites>