<?xml version="1.0" encoding="utf-8"?><testsuites name="pytest tests"><testsuite name="pytest" errors="0" failures="0" skipped="0" tests="14" time="6.183" timestamp="2026-04-19T08:00:50.169853+00:00" hostname="agent-env-670e981c-a5ee-4fd5-8d40-eaab14eea28e"><testcase classname="backend.tests.test_admin_payments.TestAdminPaymentsAuth" name="test_payments_without_token_returns_401" time="0.235" /><testcase classname="backend.tests.test_admin_payments.TestAdminPaymentsAuth" name="test_payments_with_non_admin_token_returns_403" time="0.462" /><testcase classname="backend.tests.test_admin_payments.TestAdminPaymentsAuth" name="test_payments_with_admin_token_returns_200" time="0.455" /><testcase classname="backend.tests.test_admin_payments.TestAdminPaymentsResponse" name="test_response_has_summary_and_items" time="0.441" /><testcase classname="backend.tests.test_admin_payments.TestAdminPaymentsResponse" name="test_summary_has_required_keys" time="0.436" /><testcase classname="backend.tests.test_admin_payments.TestAdminPaymentsResponse" name="test_items_is_list" time="0.433" /><testcase classname="backend.tests.test_admin_payments.TestAdminPaymentsResponse" name="test_item_has_required_fields" time="0.443" /><testcase classname="backend.tests.test_admin_payments.TestAdminPaymentsFiltering" name="test_filter_paid_returns_only_paid" time="0.457" /><testcase classname="backend.tests.test_admin_payments.TestAdminPaymentsFiltering" name="test_filter_initiated_returns_only_initiated" time="0.436" /><testcase classname="backend.tests.test_admin_payments.TestAdminPaymentsFiltering" name="test_filter_all_returns_all" time="0.542" /><testcase classname="backend.tests.test_admin_payments.TestAdminPaymentsFiltering" name="test_filter_failed_returns_only_failed" time="0.431" /><testcase classname="backend.tests.test_admin_payments.TestAdminPaymentsSummaryAccuracy" name="test_summary_total_matches_items_count" time="0.448" /><testcase classname="backend.tests.test_admin_payments.TestAdminPaymentsSummaryAccuracy" name="test_summary_paid_count_accurate" time="0.449" /><testcase classname="backend.tests.test_admin_payments.TestAdminPaymentsSummaryAccuracy" name="test_gross_myr_calculation" time="0.440" /></testsuite></testsuites>