<?xml version="1.0" encoding="utf-8"?><testsuites name="pytest tests"><testsuite name="pytest" errors="0" failures="0" skipped="0" tests="32" time="2.869" timestamp="2026-04-29T04:48:49.378513+00:00" hostname="agent-env-96a95e98-0ab0-4aee-ac12-c1ed1c30eb5d"><testcase classname="backend.tests.test_audit_day1.TestC1JwtRotation" name="test_old_jwt_with_placeholder_secret_returns_401" time="0.137" /><testcase classname="backend.tests.test_audit_day1.TestC1JwtRotation" name="test_random_garbage_jwt_returns_401" time="0.045" /><testcase classname="backend.tests.test_audit_day1.TestC1JwtRotation" name="test_new_login_jwt_works" time="0.328" /><testcase classname="backend.tests.test_audit_day1.TestC2Cors" name="test_health_no_allow_credentials_header" time="0.044" /><testcase classname="backend.tests.test_audit_day1.TestC2Cors" name="test_bearer_token_works_cross_origin" time="0.044" /><testcase classname="backend.tests.test_audit_day1.TestC3Bootstrap" name="test_admin_login_succeeds" time="0.270" /><testcase classname="backend.tests.test_audit_day1.TestC4BookingOwnership" name="test_owner_can_get_own_booking" time="0.332" /><testcase classname="backend.tests.test_audit_day1.TestC4BookingOwnership" name="test_other_user_cannot_get_someone_elses_booking" time="0.312" /><testcase classname="backend.tests.test_audit_day1.TestC4BookingOwnership" name="test_admin_can_get_any_booking" time="0.044" /><testcase classname="backend.tests.test_audit_day1.TestC4BookingOwnership" name="test_guest_with_correct_email_gets_200" time="0.046" /><testcase classname="backend.tests.test_audit_day1.TestC4BookingOwnership" name="test_guest_with_wrong_email_gets_403" time="0.044" /><testcase classname="backend.tests.test_audit_day1.TestC4BookingOwnership" name="test_guest_no_email_gets_403" time="0.046" /><testcase classname="backend.tests.test_audit_day1.TestH1RegexInjection" name="test_terminals_regex_injection_safe[.*(.*).*]" time="0.045" /><testcase classname="backend.tests.test_audit_day1.TestH1RegexInjection" name="test_terminals_regex_injection_safe[^(a+)+$]" time="0.043" /><testcase classname="backend.tests.test_audit_day1.TestH1RegexInjection" name="test_terminals_regex_injection_safe[(((((((((a))))))))).*]" time="0.045" /><testcase classname="backend.tests.test_audit_day1.TestH1RegexInjection" name="test_terminals_regex_injection_safe[[invalid]" time="0.057" /><testcase classname="backend.tests.test_audit_day1.TestH1RegexInjection" name="test_audit_logs_regex_injection_safe[.*(.*).*]" time="0.046" /><testcase classname="backend.tests.test_audit_day1.TestH1RegexInjection" name="test_audit_logs_regex_injection_safe[^(a+)+$]" time="0.049" /><testcase classname="backend.tests.test_audit_day1.TestH1RegexInjection" name="test_audit_logs_regex_injection_safe[[bad]" time="0.043" /><testcase classname="backend.tests.test_audit_day1.TestH1RegexInjection" name="test_audit_logs_regex_injection_safe[(((.+)+)+)]" time="0.083" /><testcase classname="backend.tests.test_audit_day1.TestH4PaymentOptionsAuth" name="test_no_auth_no_email_403" time="0.048" /><testcase classname="backend.tests.test_audit_day1.TestH4PaymentOptionsAuth" name="test_admin_auth_200" time="0.047" /><testcase classname="backend.tests.test_audit_day1.TestH4PaymentOptionsAuth" name="test_matching_email_200" time="0.048" /><testcase classname="backend.tests.test_audit_day1.TestH4PaymentOptionsAuth" name="test_owner_auth_200" time="0.043" /><testcase classname="backend.tests.test_audit_day1.TestH4PaymentOptionsAuth" name="test_other_user_403" time="0.054" /><testcase classname="backend.tests.test_audit_day1.TestSearchShape" name="test_search_returns_schedules_with_seats_available" time="0.046" /><testcase classname="backend.tests.test_audit_day1.TestPopularCache" name="test_back_to_back_returns_same_generated_at" time="0.093" /><testcase classname="backend.tests.test_audit_day1.TestMyBookings" name="test_my_bookings_has_from_to_objects" time="0.044" /><testcase classname="backend.tests.test_audit_day1.TestAdminStatsShape" name="test_admin_stats_shape" time="0.048" /><testcase classname="backend.tests.test_audit_day1.TestAdminStatsShape" name="test_admin_feedback_shape" time="0.045" /><testcase classname="backend.tests.test_audit_day1.TestCancellationQuoteRegression" name="test_no_auth_401" time="0.042" /><testcase classname="backend.tests.test_audit_day1.TestCancellationQuoteRegression" name="test_non_owner_403" time="0.050" /></testsuite></testsuites>