<?xml version="1.0" encoding="utf-8"?><testsuites name="pytest tests"><testsuite name="pytest" errors="0" failures="0" skipped="0" tests="7" time="1.220" timestamp="2026-08-02T11:43:57.524621+00:00" hostname="agent-env-96a95e98-0ab0-4aee-ac12-c1ed1c30eb5d"><testcase classname="backend.tests.test_city_search.TestStopLevelRegression" name="test_stop_level_search_shape" time="0.360" /><testcase classname="backend.tests.test_city_search.TestCityLevelSearch" name="test_city_to_city_search" time="0.097" /><testcase classname="backend.tests.test_city_search.TestCityLevelSearch" name="test_city_to_city_aggregates_more_than_single_stop" time="0.244" /><testcase classname="backend.tests.test_city_search.TestCityLevelSearch" name="test_mixed_mode_terminal_from_city_to" time="0.095" /><testcase classname="backend.tests.test_city_search.TestSearchErrors" name="test_no_params_returns_400" time="0.124" /><testcase classname="backend.tests.test_city_search.TestSearchErrors" name="test_bogus_city_returns_400" time="0.098" /><testcase classname="backend.tests.test_city_search.TestSearchErrors" name="test_missing_to_returns_400" time="0.128" /></testsuite></testsuites>