<?xml version="1.0" encoding="utf-8"?><testsuites name="pytest tests"><testsuite name="pytest" errors="0" failures="0" skipped="0" tests="18" time="2.654" timestamp="2026-04-20T15:14:59.209610+00:00" hostname="agent-env-670e981c-a5ee-4fd5-8d40-eaab14eea28e"><testcase classname="backend.tests.test_popular_now.TestPopularNowEndpoint" name="test_popular_now_returns_200" time="0.232" /><testcase classname="backend.tests.test_popular_now.TestPopularNowEndpoint" name="test_popular_now_response_structure" time="0.156" /><testcase classname="backend.tests.test_popular_now.TestPopularNowEndpoint" name="test_popular_now_default_limit_6" time="0.150" /><testcase classname="backend.tests.test_popular_now.TestPopularNowEndpoint" name="test_popular_now_limit_parameter" time="0.119" /><testcase classname="backend.tests.test_popular_now.TestPopularNowEndpoint" name="test_popular_now_item_required_keys" time="0.113" /><testcase classname="backend.tests.test_popular_now.TestPopularNowEndpoint" name="test_popular_now_terminal_structure" time="0.163" /><testcase classname="backend.tests.test_popular_now.TestPopularNowEndpoint" name="test_popular_now_is_today_boolean" time="0.121" /><testcase classname="backend.tests.test_popular_now.TestPopularNowEndpoint" name="test_popular_now_minutes_until_departure_non_negative" time="0.113" /><testcase classname="backend.tests.test_popular_now.TestPopularNowEndpoint" name="test_popular_now_seats_available_calculation" time="0.136" /><testcase classname="backend.tests.test_popular_now.TestPopularNowEndpoint" name="test_popular_now_sorting_today_first" time="0.123" /><testcase classname="backend.tests.test_popular_now.TestPopularNowEndpoint" name="test_popular_now_sorting_by_minutes" time="0.163" /><testcase classname="backend.tests.test_popular_now.TestPopularNowEndpoint" name="test_popular_now_fare_and_currency" time="0.158" /><testcase classname="backend.tests.test_popular_now.TestPopularNowEndpoint" name="test_popular_now_schedule_id_format" time="0.139" /><testcase classname="backend.tests.test_popular_now.TestPopularNowEndpoint" name="test_popular_now_departure_date_format" time="0.120" /><testcase classname="backend.tests.test_popular_now.TestPopularNowEndpoint" name="test_popular_now_time_format" time="0.146" /><testcase classname="backend.tests.test_popular_now.TestPopularNowEdgeCases" name="test_popular_now_limit_zero" time="0.164" /><testcase classname="backend.tests.test_popular_now.TestPopularNowEdgeCases" name="test_popular_now_limit_large" time="0.129" /><testcase classname="backend.tests.test_popular_now.TestPopularNowEdgeCases" name="test_popular_now_invalid_limit" time="0.117" /></testsuite></testsuites>