<?xml version="1.0" encoding="utf-8"?><testsuites name="pytest tests"><testsuite name="pytest" errors="0" failures="0" skipped="0" tests="12" time="3.210" timestamp="2026-04-27T15:43:27.625435+00:00" hostname="agent-env-96a95e98-0ab0-4aee-ac12-c1ed1c30eb5d"><testcase classname="backend.tests.test_cancel_booking.TestCancellationQuote" name="test_quote_requires_auth" time="0.660" /><testcase classname="backend.tests.test_cancel_booking.TestCancellationQuote" name="test_quote_eligible_when_24h_plus" time="0.132" /><testcase classname="backend.tests.test_cancel_booking.TestCancellationQuote" name="test_quote_not_eligible_when_under_24h" time="0.129" /><testcase classname="backend.tests.test_cancel_booking.TestCancellationQuote" name="test_quote_403_for_other_users_booking" time="0.669" /><testcase classname="backend.tests.test_cancel_booking.TestCancellationQuote" name="test_quote_400_when_not_confirmed" time="0.168" /><testcase classname="backend.tests.test_cancel_booking.TestCancellationQuote" name="test_quote_404_for_unknown_booking" time="0.118" /><testcase classname="backend.tests.test_cancel_booking.TestCancelBooking" name="test_cancel_requires_auth" time="0.144" /><testcase classname="backend.tests.test_cancel_booking.TestCancelBooking" name="test_cancel_under_24h_burns_ticket_no_stripe_call" time="0.321" /><testcase classname="backend.tests.test_cancel_booking.TestCancelBooking" name="test_cancel_24h_plus_with_fake_stripe_session_returns_502" time="0.349" /><testcase classname="backend.tests.test_cancel_booking.TestCancelBooking" name="test_cancel_24h_plus_zero_total_bypasses_stripe" time="0.133" /><testcase classname="backend.tests.test_cancel_booking.TestCancelBooking" name="test_cancel_403_for_other_users_booking" time="0.114" /><testcase classname="backend.tests.test_cancel_booking.TestCancelBooking" name="test_cancel_400_when_already_cancelled" time="0.134" /></testsuite></testsuites>