<?xml version="1.0" encoding="utf-8"?><testsuites name="pytest tests"><testsuite name="pytest" errors="0" failures="5" skipped="0" tests="16" time="15.755" timestamp="2026-04-20T14:32:05.959498+00:00" hostname="agent-env-670e981c-a5ee-4fd5-8d40-eaab14eea28e"><testcase classname="backend.tests.test_stripe_payment_methods.TestPaymentOptionsMYR" name="test_myr_booking_returns_three_options" time="1.295" /><testcase classname="backend.tests.test_stripe_payment_methods.TestPaymentOptionsMYR" name="test_myr_options_have_correct_structure" time="1.170" /><testcase classname="backend.tests.test_stripe_payment_methods.TestPaymentOptionsSGD" name="test_sgd_booking_returns_two_options_no_fpx" time="0.465" /><testcase classname="backend.tests.test_stripe_payment_methods.TestCheckoutCard" name="test_card_checkout_myr_returns_stripe_url" time="1.500" /><testcase classname="backend.tests.test_stripe_payment_methods.TestCheckoutCard" name="test_card_checkout_sgd_returns_stripe_url" time="0.850" /><testcase classname="backend.tests.test_stripe_payment_methods.TestCheckoutGrabPay" name="test_grabpay_checkout_myr_returns_stripe_url" time="1.279"><failure message="assert 500 == 200&#10; +  where 500 = &lt;Response [500]&gt;.status_code">backend/tests/test_stripe_payment_methods.py:293: in test_grabpay_checkout_myr_returns_stripe_url
    assert response.status_code == 200
E   assert 500 == 200
E    +  where 500 = &lt;Response [500]&gt;.status_code</failure></testcase><testcase classname="backend.tests.test_stripe_payment_methods.TestCheckoutGrabPay" name="test_grabpay_checkout_sgd_returns_stripe_url" time="0.674"><failure message="assert 500 == 200&#10; +  where 500 = &lt;Response [500]&gt;.status_code">backend/tests/test_stripe_payment_methods.py:313: in test_grabpay_checkout_sgd_returns_stripe_url
    assert response.status_code == 200
E   assert 500 == 200
E    +  where 500 = &lt;Response [500]&gt;.status_code</failure></testcase><testcase classname="backend.tests.test_stripe_payment_methods.TestCheckoutFPX" name="test_fpx_checkout_myr_returns_stripe_url" time="1.412"><failure message="assert 500 == 200&#10; +  where 500 = &lt;Response [500]&gt;.status_code">backend/tests/test_stripe_payment_methods.py:337: in test_fpx_checkout_myr_returns_stripe_url
    assert response.status_code == 200
E   assert 500 == 200
E    +  where 500 = &lt;Response [500]&gt;.status_code</failure></testcase><testcase classname="backend.tests.test_stripe_payment_methods.TestCheckoutFPX" name="test_fpx_checkout_sgd_returns_400" time="0.445" /><testcase classname="backend.tests.test_stripe_payment_methods.TestCheckoutInvalidGateway" name="test_ipay88_gateway_returns_400" time="1.081" /><testcase classname="backend.tests.test_stripe_payment_methods.TestCheckoutInvalidGateway" name="test_bogus_gateway_returns_400" time="1.108" /><testcase classname="backend.tests.test_stripe_payment_methods.TestPaymentTransactionRecord" name="test_card_checkout_creates_transaction_with_card_method" time="1.771" /><testcase classname="backend.tests.test_stripe_payment_methods.TestPaymentTransactionRecord" name="test_grabpay_checkout_creates_transaction_with_grabpay_method" time="1.232"><failure message="assert 500 == 200&#10; +  where 500 = &lt;Response [500]&gt;.status_code">backend/tests/test_stripe_payment_methods.py:446: in test_grabpay_checkout_creates_transaction_with_grabpay_method
    assert checkout_response.status_code == 200
E   assert 500 == 200
E    +  where 500 = &lt;Response [500]&gt;.status_code</failure></testcase><testcase classname="backend.tests.test_stripe_payment_methods.TestPaymentTransactionRecord" name="test_fpx_checkout_creates_transaction_with_fpx_method" time="1.224"><failure message="assert 500 == 200&#10; +  where 500 = &lt;Response [500]&gt;.status_code">backend/tests/test_stripe_payment_methods.py:473: in test_fpx_checkout_creates_transaction_with_fpx_method
    assert checkout_response.status_code == 200
E   assert 500 == 200
E    +  where 500 = &lt;Response [500]&gt;.status_code</failure></testcase><testcase classname="backend.tests.test_stripe_payment_methods.TestAdminPaymentsRegression" name="test_admin_payments_tab_loads" time="0.051" /><testcase classname="backend.tests.test_stripe_payment_methods.TestAdminPaymentsRegression" name="test_admin_payments_summary_has_required_fields" time="0.053" /></testsuite></testsuites>