<?xml version="1.0" encoding="utf-8"?><testsuites name="pytest tests"><testsuite name="pytest" errors="0" failures="0" skipped="0" tests="17" time="4.752" timestamp="2026-04-17T14:43:44.077111+00:00" hostname="agent-env-670e981c-a5ee-4fd5-8d40-eaab14eea28e"><testcase classname="backend.tests.test_iteration2_features.TestPromoValidation" name="test_validate_promo_welcome10_returns_10_percent_discount" time="0.461" /><testcase classname="backend.tests.test_iteration2_features.TestPromoValidation" name="test_validate_promo_raya5_returns_flat_5_discount" time="0.059" /><testcase classname="backend.tests.test_iteration2_features.TestPromoValidation" name="test_validate_promo_nonexistent_code_returns_404" time="0.055" /><testcase classname="backend.tests.test_iteration2_features.TestPromoValidation" name="test_validate_promo_case_insensitive" time="0.073" /><testcase classname="backend.tests.test_iteration2_features.TestPromoAdminCRUD" name="test_list_promo_codes_returns_seeded_codes" time="0.400" /><testcase classname="backend.tests.test_iteration2_features.TestPromoAdminCRUD" name="test_create_promo_code_success" time="0.075" /><testcase classname="backend.tests.test_iteration2_features.TestPromoAdminCRUD" name="test_create_duplicate_promo_code_returns_400" time="0.054" /><testcase classname="backend.tests.test_iteration2_features.TestPromoAdminCRUD" name="test_toggle_promo_code_active_off" time="0.171" /><testcase classname="backend.tests.test_iteration2_features.TestPromoAdminCRUD" name="test_delete_promo_code" time="0.190" /><testcase classname="backend.tests.test_iteration2_features.TestPromoAdminCRUD" name="test_promo_crud_non_admin_returns_403" time="0.384" /><testcase classname="backend.tests.test_iteration2_features.TestBookingWithPromo" name="test_booking_with_welcome10_applies_discount" time="0.173" /><testcase classname="backend.tests.test_iteration2_features.TestBookingWithPromo" name="test_booking_with_invalid_promo_returns_404" time="0.181" /><testcase classname="backend.tests.test_iteration2_features.TestBoardingValidation" name="test_boarding_validate_unknown_reference_returns_not_found" time="0.056" /><testcase classname="backend.tests.test_iteration2_features.TestBoardingValidation" name="test_boarding_validate_unconfirmed_booking_returns_not_confirmed" time="0.238" /><testcase classname="backend.tests.test_iteration2_features.TestBoardingValidation" name="test_boarding_validate_confirmed_booking_returns_passenger_info" time="0.944" /><testcase classname="backend.tests.test_iteration2_features.TestBoardingValidation" name="test_boarding_validate_idempotent_second_call_returns_already_boarded" time="0.955" /><testcase classname="backend.tests.test_iteration2_features.TestPromoInactiveCode" name="test_validate_inactive_promo_returns_400" time="0.172" /></testsuite></testsuites>