<?xml version="1.0" encoding="utf-8"?><testsuites name="pytest tests"><testsuite name="pytest" errors="0" failures="0" skipped="0" tests="22" time="4.944" timestamp="2026-04-17T14:11:15.821873+00:00" hostname="agent-env-670e981c-a5ee-4fd5-8d40-eaab14eea28e"><testcase classname="backend.tests.test_bus_booking_api.TestHealthAndRoot" name="test_root_endpoint" time="0.253" /><testcase classname="backend.tests.test_bus_booking_api.TestHealthAndRoot" name="test_health_endpoint" time="0.050" /><testcase classname="backend.tests.test_bus_booking_api.TestTerminals" name="test_list_terminals_returns_grouped_and_all" time="0.049" /><testcase classname="backend.tests.test_bus_booking_api.TestTerminals" name="test_terminals_search_filter" time="0.047" /><testcase classname="backend.tests.test_bus_booking_api.TestAuth" name="test_admin_login_success" time="0.275" /><testcase classname="backend.tests.test_bus_booking_api.TestAuth" name="test_login_invalid_credentials" time="0.272" /><testcase classname="backend.tests.test_bus_booking_api.TestAuth" name="test_register_new_user" time="0.475" /><testcase classname="backend.tests.test_bus_booking_api.TestAuth" name="test_auth_me_with_token" time="0.053" /><testcase classname="backend.tests.test_bus_booking_api.TestAuth" name="test_auth_me_without_token" time="0.116" /><testcase classname="backend.tests.test_bus_booking_api.TestAuth" name="test_register_duplicate_email" time="0.049" /><testcase classname="backend.tests.test_bus_booking_api.TestSearchAndSchedules" name="test_search_schedules" time="0.098" /><testcase classname="backend.tests.test_bus_booking_api.TestSearchAndSchedules" name="test_get_schedule_with_seat_layout" time="0.283" /><testcase classname="backend.tests.test_bus_booking_api.TestSeatLockingDoubleBookProtection" name="test_lock_seats_success" time="0.498" /><testcase classname="backend.tests.test_bus_booking_api.TestSeatLockingDoubleBookProtection" name="test_double_booking_protection_returns_409" time="0.277" /><testcase classname="backend.tests.test_bus_booking_api.TestBookingsAndPayments" name="test_create_booking_with_pricing" time="0.400" /><testcase classname="backend.tests.test_bus_booking_api.TestBookingsAndPayments" name="test_create_checkout_session" time="0.929" /><testcase classname="backend.tests.test_bus_booking_api.TestBookingsAndPayments" name="test_payment_status_endpoint" time="0.046" /><testcase classname="backend.tests.test_bus_booking_api.TestAdminEndpoints" name="test_admin_stats_with_admin_auth" time="0.336" /><testcase classname="backend.tests.test_bus_booking_api.TestAdminEndpoints" name="test_admin_stats_without_auth_returns_401" time="0.123" /><testcase classname="backend.tests.test_bus_booking_api.TestAdminEndpoints" name="test_admin_stats_non_admin_returns_403" time="0.046" /><testcase classname="backend.tests.test_bus_booking_api.TestBookingsMe" name="test_bookings_me_requires_auth" time="0.101" /><testcase classname="backend.tests.test_bus_booking_api.TestBookingsMe" name="test_bookings_me_with_auth" time="0.046" /></testsuite></testsuites>